0 info it worked if it ends with ok
1 verbose cli [ '/home/anthonny/.nvm/v0.11.10/bin/node',
1 verbose cli   '/home/anthonny/.nvm/v0.11.10/bin/npm',
1 verbose cli   'publish' ]
2 info using npm@1.3.22
3 info using node@v0.11.10
4 verbose publish [ '.' ]
5 verbose cache add [ '.', null ]
6 verbose cache add name=undefined spec="." args=[".",null]
7 verbose parsed url { protocol: null,
7 verbose parsed url   slashes: null,
7 verbose parsed url   auth: null,
7 verbose parsed url   host: null,
7 verbose parsed url   port: null,
7 verbose parsed url   hostname: null,
7 verbose parsed url   hash: null,
7 verbose parsed url   search: null,
7 verbose parsed url   query: null,
7 verbose parsed url   pathname: '.',
7 verbose parsed url   path: '.',
7 verbose parsed url   href: '.' }
8 silly lockFile 3a52ce78- .
9 verbose lock . /home/anthonny/.npm/3a52ce78-.lock
10 verbose tar pack [ '/home/anthonny/tmp/npm-15805-q_mTJs42/1401145823767-0.7796532970387489/tmp.tgz',
10 verbose tar pack   '.' ]
11 verbose tarball /home/anthonny/tmp/npm-15805-q_mTJs42/1401145823767-0.7796532970387489/tmp.tgz
12 verbose folder .
13 info prepublish asciidoctorjs-npm-wrapper@0.1.2
14 silly lockFile 1f1177db-tar tar://.
15 verbose lock tar://. /home/anthonny/.npm/1f1177db-tar.lock
16 silly lockFile 82756f64-23767-0-7796532970387489-tmp-tgz tar:///home/anthonny/tmp/npm-15805-q_mTJs42/1401145823767-0.7796532970387489/tmp.tgz
17 verbose lock tar:///home/anthonny/tmp/npm-15805-q_mTJs42/1401145823767-0.7796532970387489/tmp.tgz /home/anthonny/.npm/82756f64-23767-0-7796532970387489-tmp-tgz.lock
18 silly lockFile 1f1177db-tar tar://.
19 silly lockFile 1f1177db-tar tar://.
20 silly lockFile 82756f64-23767-0-7796532970387489-tmp-tgz tar:///home/anthonny/tmp/npm-15805-q_mTJs42/1401145823767-0.7796532970387489/tmp.tgz
21 silly lockFile 82756f64-23767-0-7796532970387489-tmp-tgz tar:///home/anthonny/tmp/npm-15805-q_mTJs42/1401145823767-0.7796532970387489/tmp.tgz
22 verbose tar unpack /home/anthonny/tmp/npm-15805-q_mTJs42/1401145823767-0.7796532970387489/tmp.tgz
23 silly lockFile 56bcc4f6-23767-0-7796532970387489-package tar:///home/anthonny/tmp/npm-15805-q_mTJs42/1401145823767-0.7796532970387489/package
24 verbose lock tar:///home/anthonny/tmp/npm-15805-q_mTJs42/1401145823767-0.7796532970387489/package /home/anthonny/.npm/56bcc4f6-23767-0-7796532970387489-package.lock
25 silly lockFile 82756f64-23767-0-7796532970387489-tmp-tgz tar:///home/anthonny/tmp/npm-15805-q_mTJs42/1401145823767-0.7796532970387489/tmp.tgz
26 verbose lock tar:///home/anthonny/tmp/npm-15805-q_mTJs42/1401145823767-0.7796532970387489/tmp.tgz /home/anthonny/.npm/82756f64-23767-0-7796532970387489-tmp-tgz.lock
27 silly gunzTarPerm modes [ '755', '644' ]
28 silly gunzTarPerm extractEntry package.json
29 silly gunzTarPerm extractEntry .npmignore
30 silly gunzTarPerm extractEntry README.md
31 silly gunzTarPerm extractEntry LICENSE
32 silly gunzTarPerm extractEntry Gruntfile.js
33 silly gunzTarPerm extractEntry index.js
34 silly gunzTarPerm extractEntry test.js
35 silly gunzTarPerm extractEntry bower.json
36 silly gunzTarPerm extractEntry src/append.js
37 silly gunzTarPerm extractEntry src/prepend.js
38 silly lockFile 56bcc4f6-23767-0-7796532970387489-package tar:///home/anthonny/tmp/npm-15805-q_mTJs42/1401145823767-0.7796532970387489/package
39 silly lockFile 56bcc4f6-23767-0-7796532970387489-package tar:///home/anthonny/tmp/npm-15805-q_mTJs42/1401145823767-0.7796532970387489/package
40 silly lockFile 82756f64-23767-0-7796532970387489-tmp-tgz tar:///home/anthonny/tmp/npm-15805-q_mTJs42/1401145823767-0.7796532970387489/tmp.tgz
41 silly lockFile 82756f64-23767-0-7796532970387489-tmp-tgz tar:///home/anthonny/tmp/npm-15805-q_mTJs42/1401145823767-0.7796532970387489/tmp.tgz
42 verbose tar pack [ '/home/anthonny/.npm/asciidoctorjs-npm-wrapper/0.1.2/package.tgz',
42 verbose tar pack   '/home/anthonny/tmp/npm-15805-q_mTJs42/1401145823767-0.7796532970387489/package' ]
43 verbose tarball /home/anthonny/.npm/asciidoctorjs-npm-wrapper/0.1.2/package.tgz
44 verbose folder /home/anthonny/tmp/npm-15805-q_mTJs42/1401145823767-0.7796532970387489/package
45 silly lockFile 56bcc4f6-23767-0-7796532970387489-package tar:///home/anthonny/tmp/npm-15805-q_mTJs42/1401145823767-0.7796532970387489/package
46 verbose lock tar:///home/anthonny/tmp/npm-15805-q_mTJs42/1401145823767-0.7796532970387489/package /home/anthonny/.npm/56bcc4f6-23767-0-7796532970387489-package.lock
47 silly lockFile 1fb353af-js-npm-wrapper-0-1-2-package-tgz tar:///home/anthonny/.npm/asciidoctorjs-npm-wrapper/0.1.2/package.tgz
48 verbose lock tar:///home/anthonny/.npm/asciidoctorjs-npm-wrapper/0.1.2/package.tgz /home/anthonny/.npm/1fb353af-js-npm-wrapper-0-1-2-package-tgz.lock
49 silly lockFile 56bcc4f6-23767-0-7796532970387489-package tar:///home/anthonny/tmp/npm-15805-q_mTJs42/1401145823767-0.7796532970387489/package
50 silly lockFile 56bcc4f6-23767-0-7796532970387489-package tar:///home/anthonny/tmp/npm-15805-q_mTJs42/1401145823767-0.7796532970387489/package
51 silly lockFile 1fb353af-js-npm-wrapper-0-1-2-package-tgz tar:///home/anthonny/.npm/asciidoctorjs-npm-wrapper/0.1.2/package.tgz
52 silly lockFile 1fb353af-js-npm-wrapper-0-1-2-package-tgz tar:///home/anthonny/.npm/asciidoctorjs-npm-wrapper/0.1.2/package.tgz
53 silly lockFile 0b980c8c-ctorjs-npm-wrapper-0-1-2-package /home/anthonny/.npm/asciidoctorjs-npm-wrapper/0.1.2/package
54 verbose lock /home/anthonny/.npm/asciidoctorjs-npm-wrapper/0.1.2/package /home/anthonny/.npm/0b980c8c-ctorjs-npm-wrapper-0-1-2-package.lock
55 silly lockFile 0b980c8c-ctorjs-npm-wrapper-0-1-2-package /home/anthonny/.npm/asciidoctorjs-npm-wrapper/0.1.2/package
56 silly lockFile 0b980c8c-ctorjs-npm-wrapper-0-1-2-package /home/anthonny/.npm/asciidoctorjs-npm-wrapper/0.1.2/package
57 verbose tar unpack /home/anthonny/.npm/asciidoctorjs-npm-wrapper/0.1.2/package.tgz
58 silly lockFile 6780eae4-ctorjs-npm-wrapper-0-1-2-package tar:///home/anthonny/.npm/asciidoctorjs-npm-wrapper/0.1.2/package
59 verbose lock tar:///home/anthonny/.npm/asciidoctorjs-npm-wrapper/0.1.2/package /home/anthonny/.npm/6780eae4-ctorjs-npm-wrapper-0-1-2-package.lock
60 silly lockFile 1fb353af-js-npm-wrapper-0-1-2-package-tgz tar:///home/anthonny/.npm/asciidoctorjs-npm-wrapper/0.1.2/package.tgz
61 verbose lock tar:///home/anthonny/.npm/asciidoctorjs-npm-wrapper/0.1.2/package.tgz /home/anthonny/.npm/1fb353af-js-npm-wrapper-0-1-2-package-tgz.lock
62 silly gunzTarPerm modes [ '755', '644' ]
63 silly gunzTarPerm extractEntry package.json
64 silly gunzTarPerm extractEntry .npmignore
65 silly gunzTarPerm extractEntry README.md
66 silly gunzTarPerm extractEntry LICENSE
67 silly gunzTarPerm extractEntry Gruntfile.js
68 silly gunzTarPerm extractEntry index.js
69 silly gunzTarPerm extractEntry test.js
70 silly gunzTarPerm extractEntry bower.json
71 silly gunzTarPerm extractEntry src/append.js
72 silly gunzTarPerm extractEntry src/prepend.js
73 silly lockFile 6780eae4-ctorjs-npm-wrapper-0-1-2-package tar:///home/anthonny/.npm/asciidoctorjs-npm-wrapper/0.1.2/package
74 silly lockFile 6780eae4-ctorjs-npm-wrapper-0-1-2-package tar:///home/anthonny/.npm/asciidoctorjs-npm-wrapper/0.1.2/package
75 silly lockFile 1fb353af-js-npm-wrapper-0-1-2-package-tgz tar:///home/anthonny/.npm/asciidoctorjs-npm-wrapper/0.1.2/package.tgz
76 silly lockFile 1fb353af-js-npm-wrapper-0-1-2-package-tgz tar:///home/anthonny/.npm/asciidoctorjs-npm-wrapper/0.1.2/package.tgz
77 verbose chmod /home/anthonny/.npm/asciidoctorjs-npm-wrapper/0.1.2/package.tgz 644
78 verbose chown /home/anthonny/.npm/asciidoctorjs-npm-wrapper/0.1.2/package.tgz [ 1000, 1000 ]
79 silly lockFile 3a52ce78- .
80 silly lockFile 3a52ce78- .
81 silly publish { name: 'asciidoctorjs-npm-wrapper',
81 silly publish   version: '0.1.2',
81 silly publish   homepage: 'https://github.com/anthonny/asciidoctorjs-npm-wrapper',
81 silly publish   keywords: [ 'asciidoc', 'asciidoctor.js', 'npm' ],
81 silly publish   author:
81 silly publish    { name: 'Anthonny Quérouil',
81 silly publish      email: 'anthonny.querouil@gmail.com',
81 silly publish      url: 'http://anthonnyquerouil.fr/' },
81 silly publish   repository:
81 silly publish    { type: 'git',
81 silly publish      url: 'https://github.com/anthonny/asciidoctorjs-npm-wrapper.git' },
81 silly publish   description: 'Npm wrapper for Asciidoctor.js',
81 silly publish   main: 'index.js',
81 silly publish   scripts: { test: 'echo "Error: no test specified" && exit 1' },
81 silly publish   license: 'MIT',
81 silly publish   bugs: { url: 'https://github.com/anthonny/asciidoctorjs-npm-wrapper/issues' },
81 silly publish   dependencies:
81 silly publish    { 'opal-npm-wrapper': 'git://github.com/anthonny/opal-npm-wrapper.git#0.1.0',
81 silly publish      xmlhttprequest: '~1.6.0' },
81 silly publish   devDependencies:
81 silly publish    { grunt: '^0.4.5',
81 silly publish      'grunt-contrib-concat': '^0.4.0',
81 silly publish      'grunt-string-replace': '^0.2.7' },
81 silly publish   readme: 'asciidoctorjs-npm-wrapper\n=========================\nA wrapper to use [Asciidoctor.js](https://github.com/asciidoctor/asciidoctor.js) with NPM\n\nAsciidoctor.js current version : *1.5.0-preview.7**\n\n### Installation\n```\nnpm install asciidoctorjs-npm-wrapper --save\n```\n\n### Usage\n```\nvar asciidoctor = require(\'asciidoctorjs-npm-wrapper\').Asciidoctor;\n\n// You can also get Opal instance\nvar opal = require(\'asciidoctorjs-npm-wrapper\').Opal;\n\nconsole.log(asciidoctor.$convert(\'== Test\', null));\n\n/*\n<div class="sect1">\n<h2 id="_test">Test/h2>\n<div class="sectionbody">\n\n</div>\n</div>\n*/\n\n```\n\n### License\nMIT\n',
81 silly publish   readmeFilename: 'README.md',
81 silly publish   _id: 'asciidoctorjs-npm-wrapper@0.1.2',
81 silly publish   dist: { shasum: 'c5095f5b61adb83195b6917079e62c93ca189c76' },
81 silly publish   _from: '.' }
82 verbose url raw asciidoctorjs-npm-wrapper
83 verbose url resolving [ 'https://registry.npmjs.org/', './asciidoctorjs-npm-wrapper' ]
84 verbose url resolved https://registry.npmjs.org/asciidoctorjs-npm-wrapper
85 info trying registry request attempt 1 at 01:10:25
86 http PUT https://registry.npmjs.org/asciidoctorjs-npm-wrapper
87 http 403 https://registry.npmjs.org/asciidoctorjs-npm-wrapper
88 info trying registry request attempt 1 at 01:10:27
89 http PUT https://registry.npmjs.org/asciidoctorjs-npm-wrapper
90 http 403 https://registry.npmjs.org/asciidoctorjs-npm-wrapper
91 error publish Failed PUT 403
92 error Error: forbidden cannot modify pre-existing version: 0.1.2
92 error old={"name":"asciidoctorjs-npm-wrapper","version":"0.1.2","homepage":"https://github.com/anthonny/asciidoctorjs-npm-wrapper","keywords":["asciidoc","asciidoctor.js","npm"],"author":{"name":"Anthonny Quérouil","email":"anthonny.querouil@gmail.com","url":"http://anthonnyquerouil.fr/"},"repository":{"type":"git","url":"https://github.com/anthonny/asciidoctorjs-npm-wrapper.git"},"description":"Npm wrapper for Asciidoctor.js","main":"index.js","scripts":{"test":"echo \"Error: no test specified\" && exit 1"},"license":"MIT","bugs":{"url":"https://github.com/anthonny/asciidoctorjs-npm-wrapper/issues"},"dependencies":{"opal-npm-wrapper":"git://github.com/anthonny/opal-npm-wrapper.git#0.1.0"},"devDependencies":{"grunt":"^0.4.5","grunt-contrib-concat":"^0.4.0","grunt-string-replace":"^0.2.7"},"_id":"asciidoctorjs-npm-wrapper@0.1.2","_shasum":"0cb0281f0b88ade28d2e93d473cb4f3b1801c488","_from":".","_npmVersion":"1.4.9","_npmUser":{"name":"anthonny.querouil","email":"anthonny.querouil@gmail.com"},"maintainers":[{"name":"anthonny.querouil","email":"anthonny.querouil@gmail.com"}],"dist":{"shasum":"0cb0281f0b88ade28d2e93d473cb4f3b1801c488","tarball":"http://registry.npmjs.org/asciidoctorjs-npm-wrapper/-/asciidoctorjs-npm-wrapper-0.1.2.tgz"}}
92 error new={"name":"asciidoctorjs-npm-wrapper","version":"0.1.2","homepage":"https://github.com/anthonny/asciidoctorjs-npm-wrapper","keywords":["asciidoc","asciidoctor.js","npm"],"author":{"name":"Anthonny Quérouil","email":"anthonny.querouil@gmail.com","url":"http://anthonnyquerouil.fr/"},"repository":{"type":"git","url":"https://github.com/anthonny/asciidoctorjs-npm-wrapper.git"},"description":"Npm wrapper for Asciidoctor.js","main":"index.js","scripts":{"test":"echo \"Error: no test specified\" && exit 1"},"license":"MIT","bugs":{"url":"https://github.com/anthonny/asciidoctorjs-npm-wrapper/issues"},"dependencies":{"opal-npm-wrapper":"git://github.com/anthonny/opal-npm-wrapper.git#0.1.0","xmlhttprequest":"~1.6.0"},"devDependencies":{"grunt":"^0.4.5","grunt-contrib-concat":"^0.4.0","grunt-string-replace":"^0.2.7"},"readme":"asciidoctorjs-npm-wrapper\u000a=========================\u000aA wrapper to use [Asciidoctor.js](https://github.com/asciidoctor/asciidoctor.js) with NPM\u000a\u000aAsciidoctor.js current version : *1.5.0-preview.7**\u000a\u000a### Installation\u000a```\u000anpm install asciidoctorjs-npm-wrapper --save\u000a```\u000a\u000a### Usage\u000a```\u000avar asciidoctor = require('asciidoctorjs-npm-wrapper').Asciidoctor;\u000a\u000a// You can also get Opal instance\u000avar opal = require('asciidoctorjs-npm-wrapper').Opal;\u000a\u000aconsole.log(asciidoctor.$convert('== Test', null));\u000a\u000a/*\u000a<div class=\"sect1\">\u000a<h2 id=\"_test\">Test/h2>\u000a<div class=\"sectionbody\">\u000a\u000a</div>\u000a</div>\u000a*/\u000a\u000a```\u000a\u000a### License\u000aMIT\u000a","readmeFilename":"README.md","_id":"asciidoctorjs-npm-wrapper@0.1.2","dist":{"shasum":"c5095f5b61adb83195b6917079e62c93ca189c76","tarball":"http://registry.npmjs.org/asciidoctorjs-npm-wrapper/-/asciidoctorjs-npm-wrapper-0.1.2.tgz"},"_from":".","_npmVersion":"1.3.22","_npmUser":{"name":"anthonny.querouil","email":"anthonny.querouil@gmail.com"},"maintainers":[{"name":"anthonny.querouil","email":"anthonny.querouil@gmail.com"}]}: asciidoctorjs-npm-wrapper
92 error     at RegClient.<anonymous> (/home/anthonny/.nvm/v0.11.10/lib/node_modules/npm/node_modules/npm-registry-client/lib/request.js:275:14)
92 error     at Request.self.callback (/home/anthonny/.nvm/v0.11.10/lib/node_modules/npm/node_modules/request/request.js:123:22)
92 error     at Request.EventEmitter.emit (events.js:104:17)
92 error     at Request.<anonymous> (/home/anthonny/.nvm/v0.11.10/lib/node_modules/npm/node_modules/request/request.js:893:14)
92 error     at Request.EventEmitter.emit (events.js:123:20)
92 error     at IncomingMessage.<anonymous> (/home/anthonny/.nvm/v0.11.10/lib/node_modules/npm/node_modules/request/request.js:844:12)
92 error     at IncomingMessage.EventEmitter.emit (events.js:123:20)
92 error     at _stream_readable.js:896:16
92 error     at process._tickCallback (node.js:599:11)
93 error If you need help, you may report this *entire* log,
93 error including the npm and node versions, at:
93 error     <http://github.com/isaacs/npm/issues>
94 error System Linux 3.11.0-12-generic
95 error command "/home/anthonny/.nvm/v0.11.10/bin/node" "/home/anthonny/.nvm/v0.11.10/bin/npm" "publish"
96 error cwd /home/anthonny/99-Projects/asciidoctorjs-npm-wrapper
97 error node -v v0.11.10
98 error npm -v 1.3.22
99 verbose exit [ 1, true ]
